<?xml version="1.0" encoding="UTF-8"?>
<testsuite name="com.raywenderlich.android.punchline.JokeTest" tests="1" skipped="0" failures="0" errors="0" timestamp="2020-11-07T16:04:03" hostname="mrblack" time="0.005">
  <properties/>
  <testcase name="jokeReturnsJoke" classname="com.raywenderlich.android.punchline.JokeTest" time="0.005"/>
  <system-out><![CDATA[]]></system-out>
  <system-err><![CDATA[]]></system-err>
</testsuite>
